<?xml version="1.0" encoding="UTF-8"?>
<!-- Generated by org.testng.reporters.JUnitReportReporter -->
<testsuite skipped="0" hostname="MT-PF185WZ2" name="com.mindtree.Runner.Runner" tests="12" failures="1" timestamp="2021-09-27T09:55:29 IST" time="191.951" errors="0">
  <testcase name="loginTest" time="33.034" classname="com.mindtree.Runner.Runner"/>
  <system-out/>
  <testcase name="sale" time="51.334" classname="com.mindtree.Runner.Runner"/>
  <system-out/>
  <testcase name="SearchProduct" time="12.974" classname="com.mindtree.Runner.Runner"/>
  <system-out/>
  <testcase name="Compare" time="27.774" classname="com.mindtree.Runner.Runner"/>
  <system-out/>
  <testcase name="CustomerDetails" time="4.436" classname="com.mindtree.Runner.Runner"/>
  <system-out/>
  <testcase name="TvClick" time="5.173" classname="com.mindtree.Runner.Runner"/>
  <system-out/>
  <testcase name="Store" time="5.722" classname="com.mindtree.Runner.Runner">
    <failure type="java.lang.AssertionError" message="expected [Urban Ladder Furniture Store - Hadapsar] but found [Urban Ladder Furniture Store - Ha2345dapsar]">
      <![CDATA[java.lang.AssertionError: expected [Urban Ladder Furniture Store - Hadapsar] but found [Urban Ladder Furniture Store - Ha2345dapsar]
at org.testng.Assert.fail(Assert.java:99)
at org.testng.Assert.failNotEquals(Assert.java:1037)
at org.testng.Assert.assertEqualsImpl(Assert.java:140)
at org.testng.Assert.assertEquals(Assert.java:122)
at org.testng.Assert.assertEquals(Assert.java:629)
at org.testng.Assert.assertEquals(Assert.java:639)
at com.mindtree.PageObjects.StoreProductPageObjects.CheckHead(StoreProductPageObjects.java:48)
at com.mindtree.Runner.Runner.Store(Runner.java:88)
at sun.reflect.NativeMethodAccessorImpl.invoke0(Native Method)
at sun.reflect.NativeMethodAccessorImpl.invoke(NativeMethodAccessorImpl.java:62)
at sun.reflect.DelegatingMethodAccessorImpl.invoke(DelegatingMethodAccessorImpl.java:43)
at java.lang.reflect.Method.invoke(Method.java:498)
at org.testng.internal.MethodInvocationHelper.invokeMethod(MethodInvocationHelper.java:133)
at org.testng.internal.TestInvoker.invokeMethod(TestInvoker.java:598)
at org.testng.internal.TestInvoker.invokeTestMethod(TestInvoker.java:173)
at org.testng.internal.MethodRunner.runInSequence(MethodRunner.java:46)
at org.testng.internal.TestInvoker$MethodInvocationAgent.invoke(TestInvoker.java:824)
at org.testng.internal.TestInvoker.invokeTestMethods(TestInvoker.java:146)
at org.testng.internal.TestMethodWorker.invokeTestMethods(TestMethodWorker.java:146)
at org.testng.internal.TestMethodWorker.run(TestMethodWorker.java:128)
at java.util.ArrayList.forEach(ArrayList.java:1259)
at org.testng.TestRunner.privateRun(TestRunner.java:794)
at org.testng.TestRunner.run(TestRunner.java:596)
at org.testng.SuiteRunner.runTest(SuiteRunner.java:377)
at org.testng.SuiteRunner.runSequentially(SuiteRunner.java:371)
at org.testng.SuiteRunner.privateRun(SuiteRunner.java:332)
at org.testng.SuiteRunner.run(SuiteRunner.java:276)
at org.testng.SuiteRunnerWorker.runSuite(SuiteRunnerWorker.java:53)
at org.testng.SuiteRunnerWorker.run(SuiteRunnerWorker.java:96)
at org.testng.TestNG.runSuitesSequentially(TestNG.java:1212)
at org.testng.TestNG.runSuitesLocally(TestNG.java:1134)
at org.testng.TestNG.runSuites(TestNG.java:1063)
at org.testng.TestNG.run(TestNG.java:1031)
at org.testng.remote.AbstractRemoteTestNG.run(AbstractRemoteTestNG.java:115)
at org.testng.remote.RemoteTestNG.initAndRun(RemoteTestNG.java:251)
at org.testng.remote.RemoteTestNG.main(RemoteTestNG.java:77)
]]>
    </failure>
  </testcase> <!-- Store -->
  <system-out/>
  <testcase name="SearchManyProduct" time="9.134" classname="com.mindtree.Runner.Runner"/>
  <system-out/>
  <testcase name="SearchManyProduct" time="7.162" classname="com.mindtree.Runner.Runner"/>
  <system-out/>
  <testcase name="SearchManyProduct" time="6.779" classname="com.mindtree.Runner.Runner"/>
  <system-out/>
  <testcase name="SearchManyProduct" time="7.098" classname="com.mindtree.Runner.Runner"/>
  <system-out/>
  <testcase name="AddWhislist" time="21.331" classname="com.mindtree.Runner.Runner"/>
  <system-out/>
</testsuite> <!-- com.mindtree.Runner.Runner -->
